<?xml version="1.0" encoding="UTF-8"?>
<!-- Generated by org.testng.reporters.JUnitReportReporter -->
<testsuite skipped="0" hostname="DESKTOP-S9VNJOV" name="com.modeTransportation2G.testCases.TC_LoginTest" tests="1" failures="0" timestamp="19 Aug 2019 07:47:14 GMT" time="12.055" errors="0">
  <testcase name="loginTest" time="12.055" classname="com.modeTransportation2G.testCases.TC_LoginTest"/>
</testsuite> <!-- com.modeTransportation2G.testCases.TC_LoginTest -->
